Determining if the function pow exists failed with the following output:
Change Dir: /home/ge/Desktop/study-cmake/cmake-demo-master/7-version/CMakeFiles/CMakeTmp

Run Build Command:"/usr/bin/make" "cmTryCompileExec179329351/fast"
/usr/bin/make -f CMakeFiles/cmTryCompileExec179329351.dir/build.make CMakeFiles/cmTryCompileExec179329351.dir/build
make[1]: Entering directory '/home/ge/Desktop/study-cmake/cmake-demo-master/7-version/CMakeFiles/CMakeTmp'
/usr/local/bin/cmake -E cmake_progress_report /home/ge/Desktop/study-cmake/cmake-demo-master/7-version/CMakeFiles/CMakeTmp/CMakeFiles 1
Building C object CMakeFiles/cmTryCompileExec179329351.dir/CheckFunctionExists.c.o
/usr/bin/cc   -DCHECK_FUNCTION_EXISTS=pow   -o CMakeFiles/cmTryCompileExec179329351.dir/CheckFunctionExists.c.o   -c /usr/local/share/cmake-3.1/Modules/CheckFunctionExists.c
<command-line>:0:23: warning: conflicting types for built-in function ‘pow’ [-Wbuiltin-declaration-mismatch]
/usr/local/share/cmake-3.1/Modules/CheckFunctionExists.c:3:6: note: in expansion of macro ‘CHECK_FUNCTION_EXISTS’
 char CHECK_FUNCTION_EXISTS();
      ^~~~~~~~~~~~~~~~~~~~~
Linking C executable cmTryCompileExec179329351
/usr/local/bin/cmake -E cmake_link_script CMakeFiles/cmTryCompileExec179329351.dir/link.txt --verbose=1
/usr/bin/cc   -DCHECK_FUNCTION_EXISTS=pow   CMakeFiles/cmTryCompileExec179329351.dir/CheckFunctionExists.c.o  -o cmTryCompileExec179329351 -rdynamic 
CMakeFiles/cmTryCompileExec179329351.dir/CheckFunctionExists.c.o: In function `main':
CheckFunctionExists.c:(.text+0x15): undefined reference to `pow'
collect2: error: ld returned 1 exit status
CMakeFiles/cmTryCompileExec179329351.dir/build.make:88: recipe for target 'cmTryCompileExec179329351' failed
make[1]: Leaving directory '/home/ge/Desktop/study-cmake/cmake-demo-master/7-version/CMakeFiles/CMakeTmp'
make[1]: *** [cmTryCompileExec179329351] Error 1
Makefile:118: recipe for target 'cmTryCompileExec179329351/fast' failed
make: *** [cmTryCompileExec179329351/fast] Error 2


